0 info it worked if it ends with ok
1 verbose cli [ 'node',
1 verbose cli   '/usr/local/bin/npm',
1 verbose cli   'install',
1 verbose cli   '-g',
1 verbose cli   'ionic',
1 verbose cli   'cordova' ]
2 info using npm@2.7.5
3 info using node@v0.12.2
4 verbose node symlink /usr/local/bin/node
5 silly cache add args [ 'ionic', null ]
6 verbose cache add spec ionic
7 silly cache add args [ 'cordova', null ]
8 verbose cache add spec cordova
9 silly cache add parsed spec { raw: 'ionic',
9 silly cache add   scope: null,
9 silly cache add   name: 'ionic',
9 silly cache add   rawSpec: '',
9 silly cache add   spec: '*',
9 silly cache add   type: 'range' }
10 verbose addNamed ionic@*
11 silly addNamed semver.valid null
12 silly addNamed semver.validRange *
13 silly addNameRange { name: 'ionic', range: '*', hasData: false }
14 silly mapToRegistry name ionic
15 silly mapToRegistry using default registry
16 silly mapToRegistry registry https://registry.npmjs.org/
17 silly mapToRegistry uri https://registry.npmjs.org/ionic
18 verbose addNameRange registry:https://registry.npmjs.org/ionic not in flight; fetching
19 silly cache add parsed spec { raw: 'cordova',
19 silly cache add   scope: null,
19 silly cache add   name: 'cordova',
19 silly cache add   rawSpec: '',
19 silly cache add   spec: '*',
19 silly cache add   type: 'range' }
20 verbose addNamed cordova@*
21 silly addNamed semver.valid null
22 silly addNamed semver.validRange *
23 silly addNameRange { name: 'cordova', range: '*', hasData: false }
24 silly mapToRegistry name cordova
25 silly mapToRegistry using default registry
26 silly mapToRegistry registry https://registry.npmjs.org/
27 silly mapToRegistry uri https://registry.npmjs.org/cordova
28 verbose addNameRange registry:https://registry.npmjs.org/cordova not in flight; fetching
29 verbose request uri https://registry.npmjs.org/ionic
30 verbose request no auth needed
31 info attempt registry request try #1 at 21:20:40
32 verbose request id 270a58610d4609f7
33 verbose etag "1W6AM8Z1U0C3OTGHJSQ8V3B93"
34 http request GET https://registry.npmjs.org/ionic
35 verbose request uri https://registry.npmjs.org/cordova
36 verbose request no auth needed
37 info attempt registry request try #1 at 21:20:40
38 verbose etag "4WV4CTPRF8AVLDGSNG9R1JWSH"
39 http request GET https://registry.npmjs.org/cordova
40 http 200 https://registry.npmjs.org/ionic
41 silly get cb [ 200,
41 silly get   { server: 'CouchDB/1.5.0 (Erlang OTP/R16B03)',
41 silly get     etag: '"AFVJRIS6MNWN6G7SEDJ0FEMAR"',
41 silly get     'content-type': 'application/json',
41 silly get     'content-encoding': 'gzip',
41 silly get     'cache-control': 'max-age=300',
41 silly get     'content-length': '67044',
41 silly get     'accept-ranges': 'bytes',
41 silly get     date: 'Tue, 18 Oct 2016 04:20:41 GMT',
41 silly get     via: '1.1 varnish',
41 silly get     age: '0',
41 silly get     connection: 'keep-alive',
41 silly get     'x-served-by': 'cache-sjc3629-SJC',
41 silly get     'x-cache': 'HIT',
41 silly get     'x-cache-hits': '1',
41 silly get     'x-timer': 'S1476764441.111192,VS0,VE94',
41 silly get     vary: 'Accept-Encoding' } ]
42 verbose get saving ionic to /Users/terrychai/.npm/registry.npmjs.org/ionic/.cache.json
43 http 200 https://registry.npmjs.org/cordova
44 silly get cb [ 200,
44 silly get   { server: 'CouchDB/1.5.0 (Erlang OTP/R16B03)',
44 silly get     etag: '"F0ZG4LFGU2WL2WQHJ1TK2RMQA"',
44 silly get     'content-type': 'application/json',
44 silly get     'content-encoding': 'gzip',
44 silly get     'cache-control': 'max-age=300',
44 silly get     'content-length': '58863',
44 silly get     'accept-ranges': 'bytes',
44 silly get     date: 'Tue, 18 Oct 2016 04:20:41 GMT',
44 silly get     via: '1.1 varnish',
44 silly get     age: '0',
44 silly get     connection: 'keep-alive',
44 silly get     'x-served-by': 'cache-sjc3126-SJC',
44 silly get     'x-cache': 'HIT',
44 silly get     'x-cache-hits': '1',
44 silly get     'x-timer': 'S1476764441.110068,VS0,VE134',
44 silly get     vary: 'Accept-Encoding' } ]
45 verbose get saving cordova to /Users/terrychai/.npm/registry.npmjs.org/cordova/.cache.json
46 silly addNameRange number 2 { name: 'ionic', range: '*', hasData: true }
47 silly addNameRange versions [ 'ionic',
47 silly addNameRange   [ '0.9.6',
47 silly addNameRange     '0.9.8',
47 silly addNameRange     '0.9.9',
47 silly addNameRange     '0.9.10',
47 silly addNameRange     '0.9.11',
47 silly addNameRange     '0.9.12',
47 silly addNameRange     '0.9.13',
47 silly addNameRange     '0.9.14',
47 silly addNameRange     '0.9.15',
47 silly addNameRange     '0.9.16',
47 silly addNameRange     '1.0.0-beta.1',
47 silly addNameRange     '1.0.0-beta',
47 silly addNameRange     '1.0.1-beta',
47 silly addNameRange     '1.0.3-beta',
47 silly addNameRange     '1.0.4',
47 silly addNameRange     '1.0.5',
47 silly addNameRange     '1.0.6',
47 silly addNameRange     '1.0.7',
47 silly addNameRange     '1.0.8',
47 silly addNameRange     '1.0.9',
47 silly addNameRange     '1.0.10',
47 silly addNameRange     '1.0.11',
47 silly addNameRange     '1.0.12',
47 silly addNameRange     '1.0.13',
47 silly addNameRange     '1.0.14',
47 silly addNameRange     '1.0.15',
47 silly addNameRange     '1.0.16',
47 silly addNameRange     '1.0.17',
47 silly addNameRange     '1.1.0-beta1',
47 silly addNameRange     '1.1.0-beta2',
47 silly addNameRange     '1.1.0-beta3',
47 silly addNameRange     '1.1.0-beta4',
47 silly addNameRange     '1.1.0-beta5',
47 silly addNameRange     '1.1.0-beta6',
47 silly addNameRange     '1.1.0',
47 silly addNameRange     '1.1.1-beta1',
47 silly addNameRange     '1.1.1-beta2',
47 silly addNameRange     '1.1.1-beta3',
47 silly addNameRange     '1.1.1',
47 silly addNameRange     '1.1.3',
47 silly addNameRange     '1.1.4',
47 silly addNameRange     '1.1.5-beta1',
47 silly addNameRange     '1.1.5-beta2',
47 silly addNameRange     '1.1.5-beta3',
47 silly addNameRange     '1.1.5-beta4',
47 silly addNameRange     '1.1.5-beta5',
47 silly addNameRange     '1.1.5',
47 silly addNameRange     '1.1.6',
47 silly addNameRange     '1.1.7-beta1',
47 silly addNameRange     '1.1.7',
47 silly addNameRange     '1.1.8-beta1',
47 silly addNameRange     '1.1.8-beta2',
47 silly addNameRange     '1.1.8-beta3',
47 silly addNameRange     '1.1.8-beta4',
47 silly addNameRange     '1.1.8-beta5',
47 silly addNameRange     '1.1.8',
47 silly addNameRange     '1.1.9-beta1',
47 silly addNameRange     '1.1.9',
47 silly addNameRange     '1.1.10',
47 silly addNameRange     '1.1.11-beta1',
47 silly addNameRange     '1.1.11-beta2',
47 silly addNameRange     '1.1.11',
47 silly addNameRange     '1.1.12-beta1',
47 silly addNameRange     '1.1.12-beta2',
47 silly addNameRange     '1.1.12-beta3',
47 silly addNameRange     '1.1.12',
47 silly addNameRange     '1.1.13',
47 silly addNameRange     '1.1.14-beta1',
47 silly addNameRange     '1.1.14-beta2',
47 silly addNameRange     '1.1.14-beta3',
47 silly addNameRange     '1.2.0-beta1',
47 silly addNameRange     '1.2.0',
47 silly addNameRange     '1.2.1-beta1',
47 silly addNameRange     '1.2.1-beta2',
47 silly addNameRange     '1.2.1-beta3',
47 silly addNameRange     '1.2.1-beta4',
47 silly addNameRange     '1.2.1',
47 silly addNameRange     '1.2.2',
47 silly addNameRange     '1.2.3-beta1',
47 silly addNameRange     '1.2.3-beta2',
47 silly addNameRange     '1.2.3-beta3',
47 silly addNameRange     '1.2.3',
47 silly addNameRange     '1.2.4-beta1',
47 silly addNameRange     '1.2.4-beta2',
47 silly addNameRange     '1.2.4-beta3',
47 silly addNameRange     '1.2.4',
47 silly addNameRange     '1.2.5-beta1',
47 silly addNameRange     '1.2.5-beta2',
47 silly addNameRange     '1.2.5-beta3',
47 silly addNameRange     '1.2.5',
47 silly addNameRange     '1.2.6-beta1',
47 silly addNameRange     '1.2.6-beta2',
47 silly addNameRange     '1.2.6-beta3',
47 silly addNameRange     '1.2.6',
47 silly addNameRange     '1.2.7',
47 silly addNameRange     '1.2.8-beta1',
47 silly addNameRange     '1.2.8-beta2',
47 silly addNameRange     '1.2.8',
47 silly addNameRange     '1.2.9',
47 silly addNameRange     '1.2.10',
47 silly addNameRange     '1.2.11',
47 silly addNameRange     '1.2.12',
47 silly addNameRange     '1.2.13',
47 silly addNameRange     '1.2.14-beta1',
47 silly addNameRange     '1.2.14-beta2',
47 silly addNameRange     '1.2.14-beta3',
47 silly addNameRange     '1.2.14-beta4',
47 silly addNameRange     '1.2.14-beta5',
47 silly addNameRange     '1.2.14-beta6',
47 silly addNameRange     '1.2.14',
47 silly addNameRange     '1.3.0-beta1',
47 silly addNameRange     '1.3.0',
47 silly addNameRange     '1.3.1',
47 silly addNameRange     '1.3.2',
47 silly addNameRange     '1.3.3',
47 silly addNameRange     '1.3.4',
47 silly addNameRange     '1.3.5',
47 silly addNameRange     '1.3.6',
47 silly addNameRange     '1.3.7',
47 silly addNameRange     '1.3.8',
47 silly addNameRange     '1.3.9',
47 silly addNameRange     '1.3.10',
47 silly addNameRange     '1.4.0-alpha.1',
47 silly addNameRange     '1.3.11',
47 silly addNameRange     '1.3.1-1.alpha.0',
47 silly addNameRange     '1.4.0-alpha.2',
47 silly addNameRange     '1.3.12',
47 silly addNameRange     '1.3.12-beta.1',
47 silly addNameRange     '1.3.12-beta.2',
47 silly addNameRange     '1.3.13-beta.0',
47 silly addNameRange     '1.3.1-3.beta.1',
47 silly addNameRange     '1.3.1-3.beta.2',
47 silly addNameRange     '1.3.13',
47 silly addNameRange     '1.3.1-3.beta.4',
47 silly addNameRange     '1.3.14-beta',
47 silly addNameRange     '1.3.14-beta.1',
47 silly addNameRange     '1.4.0-alpha.3',
47 silly addNameRange     '1.3.14',
47 silly addNameRange     '1.4.0-alpha.4',
47 silly addNameRange     '1.4.0-alpha.5',
47 silly addNameRange     '1.3.15-beta.0',
47 silly addNameRange     '1.3.15-beta.1',
47 silly addNameRange     '1.3.15-beta.2',
47 silly addNameRange     '1.3.15-beta.3',
47 silly addNameRange     '1.3.15-beta.4',
47 silly addNameRange     '1.3.15',
47 silly addNameRange     '1.3.16',
47 silly addNameRange     '1.4.0-alpha.6',
47 silly addNameRange     '1.3.17-beta.0',
47 silly addNameRange     '1.3.17-beta.1',
47 silly addNameRange     '1.3.17-beta.2',
47 silly addNameRange     '1.3.17-beta.3',
47 silly addNameRange     '1.3.1-7.beta.4',
47 silly addNameRange     '1.3.17',
47 silly addNameRange     '1.3.18-beta.0',
47 silly addNameRange     '1.3.18-beta.1',
47 silly addNameRange     '1.3.18-beta.2',
47 silly addNameRange     '1.3.18-beta.3',
47 silly addNameRange     '1.3.18',
47 silly addNameRange     '1.3.19-beta.0',
47 silly addNameRange     '1.3.19-beta.1',
47 silly addNameRange     '1.3.19-beta.2',
47 silly addNameRange     '1.3.19-beta.3',
47 silly addNameRange     '1.3.19-beta.4',
47 silly addNameRange     '1.3.19',
47 silly addNameRange     '1.3.20',
47 silly addNameRange     '1.4.1-beta.0',
47 silly addNameRange     '1.4.0-beta.1',
47 silly addNameRange     '1.4.0-beta.2',
47 silly addNameRange     '1.4.0-beta.3',
47 silly addNameRange     '1.4.0-beta.5',
47 silly addNameRange     '1.4.0-beta.6',
47 silly addNameRange     '1.4.0-beta.7',
47 silly addNameRange     '1.3.21-beta.0',
47 silly addNameRange     '1.3.21-beta.1',
47 silly addNameRange     '1.3.21',
47 silly addNameRange     '1.3.22',
47 silly addNameRange     '1.4.0-beta.8',
47 silly addNameRange     '1.4.0-beta.9',
47 silly addNameRange     '1.4.0-beta.10',
47 silly addNameRange     '1.4.0-beta.11',
47 silly addNameRange     '1.4.0-beta.12',
47 silly addNameRange     '1.4.0-beta.13',
47 silly addNameRange     '1.4.0-beta.14',
47 silly addNameRange     '1.4.0-beta.15',
47 silly addNameRange     '1.4.0-beta.16',
47 silly addNameRange     '1.4.0-beta.17',
47 silly addNameRange     '1.4.0-beta.18',
47 silly addNameRange     '1.4.0',
47 silly addNameRange     '1.4.1',
47 silly addNameRange     '1.4.2',
47 silly addNameRange     '1.4.3',
47 silly addNameRange     '1.4.4-beta.0',
47 silly addNameRange     '1.4.4-beta.2',
47 silly addNameRange     '1.4.4',
47 silly addNameRange     '1.4.5-beta.0',
47 silly addNameRange     '1.4.5-beta.1',
47 silly addNameRange     '1.4.5-beta.2',
47 silly addNameRange     '1.4.5-beta.3',
47 silly addNameRange     '1.4.5',
47 silly addNameRange     '1.4.6-beta.0',
47 silly addNameRange     '1.4.6',
47 silly addNameRange     '1.4.7',
47 silly addNameRange     '1.4.8',
47 silly addNameRange     '1.5.0-beta.0',
47 silly addNameRange     '1.5.0-beta.1',
47 silly addNameRange     '1.5.0',
47 silly addNameRange     '1.5.1-beta.0',
47 silly addNameRange     '1.5.1-beta.1',
47 silly addNameRange     '1.5.1-beta.2',
47 silly addNameRange     '1.5.1-beta.3',
47 silly addNameRange     '1.5.1-beta.4',
47 silly addNameRange     '1.5.1',
47 silly addNameRange     '1.5.2',
47 silly addNameRange     '1.5.3',
47 silly addNameRange     '1.5.4',
47 silly addNameRange     '1.5.5',
47 silly addNameRange     '1.6.0-beta.1',
47 silly addNameRange     '1.6.0',
47 silly addNameRange     '1.6.1',
47 silly addNameRange     '1.6.2-beta.0',
47 silly addNameRange     '1.6.2-beta.1',
47 silly addNameRange     '1.6.2-beta.2',
47 silly addNameRange     '1.6.2',
47 silly addNameRange     '1.6.3-beta.0',
47 silly addNameRange     '1.6.3-beta.1',
47 silly addNameRange     '1.6.3',
47 silly addNameRange     '1.6.4-beta.0',
47 silly addNameRange     '1.6.4-beta.1',
47 silly addNameRange     '1.6.4',
47 silly addNameRange     '1.7.0-beta.0',
47 silly addNameRange     '1.7.0-beta.1',
47 silly addNameRange     '1.7.0-beta.2',
47 silly addNameRange     '1.7.0-beta.3',
47 silly addNameRange     '2.0.0-alpha.1',
47 silly addNameRange     '2.0.0-alpha.3',
47 silly addNameRange     '1.7.0-beta.4',
47 silly addNameRange     '1.6.5-testing.0',
47 silly addNameRange     '1.6.5-testing.1',
47 silly addNameRange     '1.6.5-testing.2',
47 silly addNameRange     '1.6.5-testing.3',
47 silly addNameRange     '1.6.5',
47 silly addNameRange     '2.0.0-alpha.4',
47 silly addNameRange     '1.7.0-beta.5',
47 silly addNameRange     '1.7.0-beta.6',
47 silly addNameRange     '1.7.0',
47 silly addNameRange     '2.0.0-alpha.5',
47 silly addNameRange     '2.0.0-alpha.6',
47 silly addNameRange     '1.7.1',
47 silly addNameRange     '2.0.0-alpha.7',
47 silly addNameRange     '2.0.0-alpha.8',
47 silly addNameRange     '1.7.2',
47 silly addNameRange     '1.7.3',
47 silly addNameRange     '1.7.4',
47 silly addNameRange     '1.7.5',
47 silly addNameRange     '1.7.6',
47 silly addNameRange     '1.7.7-beta.0',
47 silly addNameRange     '2.0.0-alpha.9',
47 silly addNameRange     '1.7.7',
47 silly addNameRange     '2.0.0-alpha.10',
47 silly addNameRange     '2.0.0-alpha.11',
47 silly addNameRange     '2.0.0-alpha.12',
47 silly addNameRange     '2.0.0-alpha.13',
47 silly addNameRange     '2.0.0-alpha.14',
47 silly addNameRange     '2.0.0-alpha.15',
47 silly addNameRange     '2.0.0-alpha.16',
47 silly addNameRange     '2.0.0-alpha.17',
47 silly addNameRange     '2.0.0-alpha.18',
47 silly addNameRange     '1.7.8-beta.0',
47 silly addNameRange     '1.7.8-beta.1',
47 silly addNameRange     '1.7.8-beta.2',
47 silly addNameRange     '1.7.8-beta.3',
47 silly addNameRange     '1.7.8',
47 silly addNameRange     '2.0.0-alpha.19',
47 silly addNameRange     '2.0.0-alpha.20',
47 silly addNameRange     '2.0.0-alpha.21',
47 silly addNameRange     '2.0.0-alpha.22',
47 silly addNameRange     '2.0.0-alpha.23',
47 silly addNameRange     '1.7.9',
47 silly addNameRange     '1.7.10',
47 silly addNameRange     '2.0.0-alpha.24',
47 silly addNameRange     '2.0.0-alpha.25',
47 silly addNameRange     '2.0.0-beta.1',
47 silly addNameRange     '1.7.11',
47 silly addNameRange     '2.0.0-beta.2',
47 silly addNameRange     '2.0.0-beta.3',
47 silly addNameRange     '2.0.0-beta.4',
47 silly addNameRange     '2.0.0-beta.5',
47 silly addNameRange     '2.0.0-beta.6',
47 silly addNameRange     '2.0.0-beta.7',
47 silly addNameRange     '2.0.0-beta.8',
47 silly addNameRange     '2.0.0-beta.9',
47 silly addNameRange     '2.0.0-beta.10',
47 silly addNameRange     '2.0.0-beta.11',
47 silly addNameRange     '1.7.12',
47 silly addNameRange     '2.0.0-beta.12',
47 silly addNameRange     '2.0.0-beta.13',
47 silly addNameRange     '2.0.0-beta.14',
47 silly addNameRange     '2.0.0-beta.15',
47 silly addNameRange     '2.0.0-beta.16',
47 silly addNameRange     '2.0.0-beta.17',
47 silly addNameRange     '1.7.13',
47 silly addNameRange     '1.7.14',
47 silly addNameRange     '2.0.0-beta.18',
47 silly addNameRange     '2.0.0-beta.19',
47 silly addNameRange     '2.0.0-beta.20',
47 silly addNameRange     '2.0.0-beta.21',
47 silly addNameRange     '2.0.0-beta.22',
47 silly addNameRange     '2.0.0-beta.23',
47 silly addNameRange     '2.0.0-beta.24',
47 silly addNameRange     '2.0.0-beta.25',
47 silly addNameRange     '1.7.15-beta.0',
47 silly addNameRange     '1.7.15-beta.1',
47 silly addNameRange     '1.7.15-beta.2',
47 silly addNameRange     '1.7.15-beta.3',
47 silly addNameRange     '1.7.15',
47 silly addNameRange     '2.0.0-beta.26',
47 silly addNameRange     '2.0.0-beta.27',
47 silly addNameRange     '2.0.0-beta.28',
47 silly addNameRange     '2.0.0-beta.29',
47 silly addNameRange     '2.0.0-beta.30',
47 silly addNameRange     '2.0.0-beta.31',
47 silly addNameRange     '1.7.16',
47 silly addNameRange     '2.0.0-beta.32',
47 silly addNameRange     '2.0.0-beta.33',
47 silly addNameRange     '2.0.0-beta.34',
47 silly addNameRange     '2.0.0-beta.35',
47 silly addNameRange     '2.0.0-beta.36',
47 silly addNameRange     '2.0.0-beta.37',
47 silly addNameRange     '2.0.0',
47 silly addNameRange     '2.1.0-beta.0',
47 silly addNameRange     '2.1.0-beta.1',
47 silly addNameRange     '2.1.0-beta.2',
47 silly addNameRange     '2.1.0-beta.3',
47 silly addNameRange     '2.1.0',
47 silly addNameRange     '2.1.1' ] ]
48 verbose addNamed ionic@2.1.1
49 silly addNamed semver.valid 2.1.1
50 silly addNamed semver.validRange 2.1.1
51 silly mapToRegistry name ionic
52 silly mapToRegistry using default registry
53 silly mapToRegistry registry https://registry.npmjs.org/
54 silly mapToRegistry uri https://registry.npmjs.org/ionic
55 verbose addRemoteTarball https://registry.npmjs.org/ionic/-/ionic-2.1.1.tgz not in flight; adding
56 verbose addRemoteTarball [ 'https://registry.npmjs.org/ionic/-/ionic-2.1.1.tgz',
56 verbose addRemoteTarball   '7345b56915da2100a0efcd5257a4626848c4da80' ]
57 info retry fetch attempt 1 at 21:20:41
58 info attempt registry request try #1 at 21:20:41
59 http fetch GET https://registry.npmjs.org/ionic/-/ionic-2.1.1.tgz
60 silly addNameRange number 2 { name: 'cordova', range: '*', hasData: true }
61 silly addNameRange versions [ 'cordova',
61 silly addNameRange   [ '0.0.1',
61 silly addNameRange     '0.0.2',
61 silly addNameRange     '0.0.3',
61 silly addNameRange     '0.0.4',
61 silly addNameRange     '0.0.5',
61 silly addNameRange     '0.0.6',
61 silly addNameRange     '0.0.7',
61 silly addNameRange     '0.0.8',
61 silly addNameRange     '0.0.9',
61 silly addNameRange     '0.1.0',
61 silly addNameRange     '0.1.1',
61 silly addNameRange     '0.1.2',
61 silly addNameRange     '0.1.3',
61 silly addNameRange     '0.1.4',
61 silly addNameRange     '0.1.5',
61 silly addNameRange     '0.1.6',
61 silly addNameRange     '0.1.7',
61 silly addNameRange     '0.1.8',
61 silly addNameRange     '0.1.9',
61 silly addNameRange     '0.1.10',
61 silly addNameRange     '0.1.11',
61 silly addNameRange     '0.1.12',
61 silly addNameRange     '0.1.13',
61 silly addNameRange     '0.1.14',
61 silly addNameRange     '2.2.0',
61 silly addNameRange     '2.3.0',
61 silly addNameRange     '2.3.1',
61 silly addNameRange     '2.3.2',
61 silly addNameRange     '2.3.3',
61 silly addNameRange     '2.3.5',
61 silly addNameRange     '2.3.6',
61 silly addNameRange     '2.4.0',
61 silly addNameRange     '2.4.1',
61 silly addNameRange     '2.4.2',
61 silly addNameRange     '2.4.3',
61 silly addNameRange     '2.4.4',
61 silly addNameRange     '2.4.5',
61 silly addNameRange     '2.4.6',
61 silly addNameRange     '2.4.7',
61 silly addNameRange     '2.4.8',
61 silly addNameRange     '2.4.9',
61 silly addNameRange     '2.4.10',
61 silly addNameRange     '2.5.0',
61 silly addNameRange     '2.5.2',
61 silly addNameRange     '2.5.3',
61 silly addNameRange     '2.5.4',
61 silly addNameRange     '2.5.5',
61 silly addNameRange     '2.6.0',
61 silly addNameRange     '2.6.1',
61 silly addNameRange     '2.6.2',
61 silly addNameRange     '2.7.0-rc.1',
61 silly addNameRange     '2.7.1-rc.1',
61 silly addNameRange     '2.7.2',
61 silly addNameRange     '2.7.3',
61 silly addNameRange     '2.7.4',
61 silly addNameRange     '2.8.0',
61 silly addNameRange     '2.8.1',
61 silly addNameRange     '2.8.2',
61 silly addNameRange     '2.8.3',
61 silly addNameRange     '2.8.4',
61 silly addNameRange     '2.8.5',
61 silly addNameRange     '2.8.6',
61 silly addNameRange     '2.8.7',
61 silly addNameRange     '2.8.8',
61 silly addNameRange     '2.8.9',
61 silly addNameRange     '2.8.10',
61 silly addNameRange     '2.8.11',
61 silly addNameRange     '2.8.12',
61 silly addNameRange     '2.8.13',
61 silly addNameRange     '2.8.14',
61 silly addNameRange     '2.8.15',
61 silly addNameRange     '2.8.16',
61 silly addNameRange     '2.8.17',
61 silly addNameRange     '2.8.18',
61 silly addNameRange     '2.8.19',
61 silly addNameRange     '2.8.20',
61 silly addNameRange     '2.8.21',
61 silly addNameRange     '2.8.22',
61 silly addNameRange     '2.8.23',
61 silly addNameRange     '2.8.24',
61 silly addNameRange     '2.8.25',
61 silly addNameRange     '2.9.0',
61 silly addNameRange     '2.9.1',
61 silly addNameRange     '2.9.2',
61 silly addNameRange     '2.9.3',
61 silly addNameRange     '2.9.4',
61 silly addNameRange     '2.9.5',
61 silly addNameRange     '2.9.6',
61 silly addNameRange     '2.9.7',
61 silly addNameRange     '3.0.0-rc1',
61 silly addNameRange     '3.0.0-rc1-1',
61 silly addNameRange     '3.0.0-rc1-3',
61 silly addNameRange     '3.0.0',
61 silly addNameRange     '3.0.1',
61 silly addNameRange     '3.0.2',
61 silly addNameRange     '3.0.3',
61 silly addNameRange     '3.0.4',
61 silly addNameRange     '3.0.5',
61 silly addNameRange     '3.0.6',
61 silly addNameRange     '3.0.7',
61 silly addNameRange     '3.0.8',
61 silly addNameRange     '3.0.9',
61 silly addNameRange     '3.0.10',
61 silly addNameRange     '3.1.0-0.1.0',
61 silly addNameRange     '3.1.0-0.2.0',
61 silly addNameRange     '3.2.0-rc.1',
61 silly addNameRange     '3.2.0-0.1.0',
61 silly addNameRange     '3.2.0-0.2.0',
61 silly addNameRange     '3.2.0-0.3.0',
61 silly addNameRange     '3.2.0-0.4.0',
61 silly addNameRange     '3.3.0-rc.1',
61 silly addNameRange     '3.3.0-0.1.1',
61 silly addNameRange     '3.3.1-0.1.2',
61 silly addNameRange     '2.9.0-rc1',
61 silly addNameRange     '3.3.1-0.3.0',
61 silly addNameRange     '3.3.1-0.3.1',
61 silly addNameRange     '3.3.1-0.4.1',
61 silly addNameRange     '3.3.1-0.4.2',
61 silly addNameRange     '3.4.0-0.1.0',
61 silly addNameRange     '3.4.0-0.1.1',
61 silly addNameRange     '3.4.0-0.1.2',
61 silly addNameRange     '3.4.0-0.1.3',
61 silly addNameRange     '0.0.0-fake',
61 silly addNameRange     '3.4.1-0.1.0',
61 silly addNameRange     '3.5.0-0.2.0',
61 silly addNameRange     '3.5.0-0.2.1',
61 silly addNameRange     '3.5.0-0.2.2',
61 silly addNameRange     '3.5.0-0.2.3',
61 silly addNameRange     '3.5.0-0.2.4',
61 silly addNameRange     '3.5.0-0.2.6',
61 silly addNameRange     '3.5.0-0.2.7',
61 silly addNameRange     '3.6.0-0.2.8',
61 silly addNameRange     '3.6.0-0.2.9',
61 silly addNameRange     '3.6.1-0.2.10',
61 silly addNameRange     '3.6.3-0.2.11',
61 silly addNameRange     '3.6.3-0.2.12',
61 silly addNameRange     '3.6.3-0.2.13',
61 silly addNameRange     '4.0.0',
61 silly addNameRange     '4.0.1',
61 silly addNameRange     '4.1.0',
61 silly addNameRange     '4.1.1',
61 silly addNameRange     '4.1.2',
61 silly addNameRange     '4.1.3-nightly.2014.10.21',
61 silly addNameRange     '4.2.0',
61 silly addNameRange     '4.3.0',
61 silly addNameRange     '5.0.0',
61 silly addNameRange     '4.3.1',
61 silly addNameRange     '5.1.1',
61 silly addNameRange     '5.2.0',
61 silly addNameRange     '5.3.1',
61 silly addNameRange     '5.3.3',
61 silly addNameRange     '5.4.0',
61 silly addNameRange     '5.4.1',
61 silly addNameRange     '6.0.0',
61 silly addNameRange     '6.1.0',
61 silly addNameRange     '6.1.1',
61 silly addNameRange     '6.2.0-nightly.2016.5.11',
61 silly addNameRange     '6.2.0-nightly.2016.5.12',
61 silly addNameRange     '6.2.0-nightly.2016.5.13',
61 silly addNameRange     '6.2.1-nightly.2016.5.20.254844d7',
61 silly addNameRange     '6.2.1-nightly.2016.5.21.254844d7',
61 silly addNameRange     '6.2.1-nightly.2016.5.22.254844d7',
61 silly addNameRange     '6.2.1-nightly.2016.5.23.6e87c71a',
61 silly addNameRange     '6.2.1-nightly.2016.5.24.189f41a4',
61 silly addNameRange     '6.2.0',
61 silly addNameRange     '6.2.1-nightly.2016.5.25.189f41a4',
61 silly addNameRange     '6.2.1-nightly.2016.5.26.189f41a4',
61 silly addNameRange     '6.2.1-nightly.2016.5.27.189f41a4',
61 silly addNameRange     '6.2.1-nightly.2016.5.28.189f41a4',
61 silly addNameRange     '6.2.1-nightly.2016.5.30.189f41a4',
61 silly addNameRange     '6.2.1-nightly.2016.5.31.189f41a4',
61 silly addNameRange     '6.2.1-nightly.2016.6.1.189f41a4',
61 silly addNameRange     '6.2.1-nightly.2016.6.2.189f41a4',
61 silly addNameRange     '6.2.1-nightly.2016.6.3.189f41a4',
61 silly addNameRange     '6.2.1-nightly.2016.6.4.189f41a4',
61 silly addNameRange     '6.2.1-nightly.2016.6.5.189f41a4',
61 silly addNameRange     '6.2.1-nightly.2016.6.6.189f41a4',
61 silly addNameRange     '6.2.1-nightly.2016.6.7.486bdab5',
61 silly addNameRange     '6.2.1-nightly.2016.6.8.486bdab5',
61 silly addNameRange     '6.2.1-dev',
61 silly addNameRange     '6.2.1-nightly.2016.6.10.486bdab5',
61 silly addNameRange     '6.2.1-nightly.2016.6.12.486bdab5',
61 silly addNameRange     '6.2.1-nightly.2016.6.13.486bdab5',
61 silly addNameRange     '6.2.1-nightly.2016.6.14.486bdab5',
61 silly addNameRange     '6.2.1-nightly.2016.6.16.486bdab5',
61 silly addNameRange     '6.2.1-nightly.2016.6.17.486bdab5',
61 silly addNameRange     '6.2.1-nightly.2016.6.18.486bdab5',
61 silly addNameRange     '6.2.1-nightly.2016.6.20.486bdab5',
61 silly addNameRange     '6.2.1-nightly.2016.6.21.486bdab5',
61 silly addNameRange     '6.2.1-nightly.2016.6.22.486bdab5',
61 silly addNameRange     '6.2.1-nightly.2016.6.23.486bdab5',
61 silly addNameRange     '6.2.1-nightly.2016.6.24.486bdab5',
61 silly addNameRange     '6.2.1-nightly.2016.6.26.486bdab5',
61 silly addNameRange     '6.2.1-nightly.2016.6.27.486bdab5',
61 silly addNameRange     '6.2.1-nightly.2016.6.28.486bdab5',
61 silly addNameRange     '6.2.1-nightly.2016.6.29.64e11522',
61 silly addNameRange     '6.2.1-nightly.2016.6.30.64e11522',
61 silly addNameRange     '6.2.1-nightly.2016.7.1.64e11522',
61 silly addNameRange     '6.2.1-nightly.2016.7.2.64e11522',
61 silly addNameRange     '6.2.1-nightly.2016.7.3.64e11522',
61 silly addNameRange     '6.2.1-nightly.2016.7.4.64e11522',
61 silly addNameRange     '6.2.1-nightly.2016.7.5.64e11522',
61 silly addNameRange     '6.2.1-nightly.2016.7.6.64e11522',
61 silly addNameRange     '6.2.1-nightly.2016.7.7.64e11522',
61 silly addNameRange     '6.2.1-nightly.2016.7.8.64e11522',
61 silly addNameRange     '6.2.1-nightly.2016.7.10.64e11522',
61 silly addNameRange     '6.2.1-nightly.2016.7.12.64e11522',
61 silly addNameRange     '6.3.1-nightly.2016.7.14.83f93b96',
61 silly addNameRange     '6.3.1-nightly.2016.7.15.83f93b96',
61 silly addNameRange     '6.3.1-nightly.2016.7.16.83f93b96',
61 silly addNameRange     '6.3.1-nightly.2016.7.17.83f93b96',
61 silly addNameRange     '6.3.1-nightly.2016.7.18.83f93b96',
61 silly addNameRange     '6.3.1-nightly.2016.7.20.83f93b96',
61 silly addNameRange     '6.3.0',
61 silly addNameRange     '6.3.1-nightly.2016.7.23.83f93b96',
61 silly addNameRange     '6.3.1-nightly.2016.7.24.83f93b96',
61 silly addNameRange     '6.3.1-nightly.2016.7.25.83f93b96',
61 silly addNameRange     '6.3.1-nightly.2016.7.26.83f93b96',
61 silly addNameRange     '6.3.1-nightly.2016.7.27.83f93b96',
61 silly addNameRange     '6.3.1-nightly.2016.7.28.83f93b96',
61 silly addNameRange     '6.3.1-nightly.2016.7.29.83f93b96',
61 silly addNameRange     '6.3.1-nightly.2016.8.2.5e6e3bf1',
61 silly addNameRange     '6.3.1-nightly.2016.8.4.5e6e3bf1',
61 silly addNameRange     '6.3.1-nightly.2016.8.5.5e6e3bf1',
61 silly addNameRange     '6.3.1-nightly.2016.8.6.5e6e3bf1',
61 silly addNameRange     '6.3.1-nightly.2016.8.7.5e6e3bf1',
61 silly addNameRange     '6.3.1-nightly.2016.8.8.5e6e3bf1',
61 silly addNameRange     '6.3.1-nightly.2016.8.9.5e6e3bf1',
61 silly addNameRange     '6.4.0-nightly.2016.8.10.258eb28f',
61 silly addNameRange     '6.4.0-nightly.2016.8.11.258eb28f',
61 silly addNameRange     '6.4.0-nightly.2016.8.12.258eb28f',
61 silly addNameRange     '6.4.0-nightly.2016.8.13.258eb28f',
61 silly addNameRange     '6.4.0-nightly.2016.8.15.258eb28f',
61 silly addNameRange     '6.3.1',
61 silly addNameRange     '6.4.0-nightly.2016.8.16.258eb28f',
61 silly addNameRange     '6.4.0-nightly.2016.8.17.258eb28f',
61 silly addNameRange     '6.4.0-nightly.2016.8.18.258eb28f',
61 silly addNameRange     '6.4.0-nightly.2016.8.20.258eb28f',
61 silly addNameRange     '6.4.0-nightly.2016.8.21.258eb28f',
61 silly addNameRange     '6.4.0-nightly.2016.8.22.258eb28f',
61 silly addNameRange     '6.4.0-nightly.2016.8.23.4935f1a5',
61 silly addNameRange     '6.4.0-nightly.2016.8.24.4935f1a5',
61 silly addNameRange     '6.4.0-nightly.2016.8.25.4935f1a5',
61 silly addNameRange     '6.4.0-nightly.2016.8.26.4935f1a5',
61 silly addNameRange     '6.4.0-nightly.2016.8.27.4935f1a5',
61 silly addNameRange     '6.4.0-nightly.2016.8.28.4935f1a5',
61 silly addNameRange     '6.4.0-nightly.2016.8.29.4935f1a5',
61 silly addNameRange     '6.4.0-nightly.2016.8.30.4935f1a5',
61 silly addNameRange     '6.4.0-nightly.2016.8.31.4935f1a5',
61 silly addNameRange     '6.4.0-nightly.2016.9.1.4935f1a5',
61 silly addNameRange     '6.4.0-nightly.2016.9.2.4935f1a5',
61 silly addNameRange     '6.4.0-nightly.2016.9.3.ddd828f4',
61 silly addNameRange     '6.4.0-nightly.2016.9.4.ddd828f4',
61 silly addNameRange     '6.4.0-nightly.2016.9.5.ddd828f4',
61 silly addNameRange     '6.4.0-nightly.2016.9.7.ddd828f4',
61 silly addNameRange     '6.4.0-nightly.2016.9.10.ddd828f4',
61 silly addNameRange     '6.4.0-nightly.2016.9.11.ddd828f4',
61 silly addNameRange     '6.4.0-nightly.2016.9.12.ddd828f4',
61 silly addNameRange     '6.4.0-nightly.2016.9.13.ddd828f4',
61 silly addNameRange     '6.4.0-nightly.2016.9.14.ddd828f4',
61 silly addNameRange     '6.4.0-nightly.2016.9.15.ddd828f4',
61 silly addNameRange     '6.4.0-nightly.2016.9.16.ddd828f4',
61 silly addNameRange     '6.4.0-nightly.2016.9.17.ddd828f4',
61 silly addNameRange     '6.4.0-nightly.2016.9.18.ddd828f4',
61 silly addNameRange     '6.4.0-nightly.2016.9.19.ddd828f4',
61 silly addNameRange     '6.4.0-nightly.2016.9.20.ddd828f4',
61 silly addNameRange     '6.4.0-nightly.2016.9.21.ddd828f4',
61 silly addNameRange     '6.4.0-nightly.2016.9.22.ddd828f4',
61 silly addNameRange     '6.4.0-nightly.2016.9.23.ddd828f4',
61 silly addNameRange     '6.4.0-nightly.2016.9.24.ddd828f4',
61 silly addNameRange     '6.4.0-nightly.2016.9.25.ddd828f4',
61 silly addNameRange     '6.4.0-nightly.2016.9.26.ddd828f4',
61 silly addNameRange     '6.4.0-nightly.2016.9.27.ddd828f4',
61 silly addNameRange     '6.4.0-nightly.2016.9.28.ddd828f4',
61 silly addNameRange     '6.4.0-nightly.2016.10.7.4759c467',
61 silly addNameRange     '6.4.0-nightly.2016.10.8.4759c467',
61 silly addNameRange     '6.4.0-nightly.2016.10.9.4759c467',
61 silly addNameRange     '6.4.0-nightly.2016.10.10.4759c467',
61 silly addNameRange     '6.4.0-nightly.2016.10.11.4759c467',
61 silly addNameRange     '6.4.0-nightly.2016.10.12.4759c467',
61 silly addNameRange     '6.4.0-nightly.2016.10.13.4759c467',
61 silly addNameRange     '6.4.0-nightly.2016.10.14.9c306a44',
61 silly addNameRange     '6.4.0-nightly.2016.10.15.576c8426',
61 silly addNameRange     '6.4.0-nightly.2016.10.16.576c8426',
61 silly addNameRange     '6.4.0-nightly.2016.10.17.576c8426',
61 silly addNameRange     '6.4.0-nightly.2016.10.18.576c8426' ] ]
62 verbose addNamed cordova@6.3.1
63 silly addNamed semver.valid 6.3.1
64 silly addNamed semver.validRange 6.3.1
65 silly cache afterAdd cordova@6.3.1
66 verbose afterAdd /Users/terrychai/.npm/cordova/6.3.1/package/package.json not in flight; writing
67 verbose afterAdd /Users/terrychai/.npm/cordova/6.3.1/package/package.json written
68 http fetch 200 https://registry.npmjs.org/ionic/-/ionic-2.1.1.tgz
69 silly fetchAndShaCheck shasum 7345b56915da2100a0efcd5257a4626848c4da80
70 verbose addTmpTarball /var/folders/d1/r0dgz6hx4gxch0wwv828w6v40000gn/T/npm-30732-f7d57204/registry.npmjs.org/ionic/-/ionic-2.1.1.tgz not in flight; adding
71 verbose addTmpTarball already have metadata; skipping unpack for ionic@2.1.1
72 silly cache afterAdd ionic@2.1.1
73 verbose afterAdd /Users/terrychai/.npm/ionic/2.1.1/package/package.json not in flight; writing
74 verbose afterAdd /Users/terrychai/.npm/ionic/2.1.1/package/package.json written
75 silly install resolved [ { name: 'cordova',
75 silly install resolved     version: '6.3.1',
75 silly install resolved     preferGlobal: 'true',
75 silly install resolved     description: 'Cordova command line interface tool',
75 silly install resolved     main: 'cordova',
75 silly install resolved     engines: { node: '>=0.9.9' },
75 silly install resolved     engineStrict: true,
75 silly install resolved     bin: { cordova: './bin/cordova' },
75 silly install resolved     scripts:
75 silly install resolved      { test: 'node node_modules/jasmine-node/bin/jasmine-node --captureExceptions --color spec',
75 silly install resolved        cover: 'node node_modules/istanbul/lib/cli.js cover --root src --print detail node_modules/jasmine-node/bin/jasmine-node -- spec' },
75 silly install resolved     repository:
75 silly install resolved      { type: 'git',
75 silly install resolved        url: 'https://git-wip-us.apache.org/repos/asf/cordova-cli.git' },
75 silly install resolved     bugs:
75 silly install resolved      { url: 'https://issues.apache.org/jira/browse/CB',
75 silly install resolved        email: 'dev@cordova.apache.org' },
75 silly install resolved     keywords: [ 'cordova', 'client', 'cli' ],
75 silly install resolved     dependencies:
75 silly install resolved      { 'cordova-lib': '6.3.1',
75 silly install resolved        'cordova-common': '1.4.x',
75 silly install resolved        q: '1.0.1',
75 silly install resolved        nopt: '3.0.1',
75 silly install resolved        underscore: '1.7.0',
75 silly install resolved        'update-notifier': '^0.5.0',
75 silly install resolved        insight: '~0.8.2' },
75 silly install resolved     devDependencies:
75 silly install resolved      { istanbul: '^0.3.4',
75 silly install resolved        grunt: '0.4.5',
75 silly install resolved        'grunt-retire': '0.3.7',
75 silly install resolved        'jasmine-node': '1.14.5' },
75 silly install resolved     author: { name: 'Anis Kadri' },
75 silly install resolved     contributors:
75 silly install resolved      [ [Object],
75 silly install resolved        [Object],
75 silly install resolved        [Object],
75 silly install resolved        [Object],
75 silly install resolved        [Object],
75 silly install resolved        [Object],
75 silly install resolved        [Object],
75 silly install resolved        [Object],
75 silly install resolved        [Object],
75 silly install resolved        [Object],
75 silly install resolved        [Object],
75 silly install resolved        [Object],
75 silly install resolved        [Object],
75 silly install resolved        [Object],
75 silly install resolved        [Object],
75 silly install resolved        [Object],
75 silly install resolved        [Object],
75 silly install resolved        [Object],
75 silly install resolved        [Object],
75 silly install resolved        [Object],
75 silly install resolved        [Object],
75 silly install resolved        [Object],
75 silly install resolved        [Object],
75 silly install resolved        [Object] ],
75 silly install resolved     license: 'Apache-2.0',
75 silly install resolved     _id: 'cordova@6.3.1',
75 silly install resolved     _shasum: '0513fa5c0aee5be63c853b214cfb83382a2f8c61',
75 silly install resolved     _resolved: 'https://registry.npmjs.org/cordova/-/cordova-6.3.1.tgz',
75 silly install resolved     _from: 'cordova@*',
75 silly install resolved     _npmVersion: '3.10.6',
75 silly install resolved     _nodeVersion: '6.3.0',
75 silly install resolved     _npmUser:
75 silly install resolved      { name: 'kotikov.vladimir',
75 silly install resolved        email: 'kotikov.vladimir@gmail.com' },
75 silly install resolved     dist:
75 silly install resolved      { shasum: '0513fa5c0aee5be63c853b214cfb83382a2f8c61',
75 silly install resolved        tarball: 'https://registry.npmjs.org/cordova/-/cordova-6.3.1.tgz' },
75 silly install resolved     maintainers:
75 silly install resolved      [ [Object],
75 silly install resolved        [Object],
75 silly install resolved        [Object],
75 silly install resolved        [Object],
75 silly install resolved        [Object],
75 silly install resolved        [Object],
75 silly install resolved        [Object],
75 silly install resolved        [Object],
75 silly install resolved        [Object],
75 silly install resolved        [Object],
75 silly install resolved        [Object],
75 silly install resolved        [Object],
75 silly install resolved        [Object],
75 silly install resolved        [Object],
75 silly install resolved        [Object],
75 silly install resolved        [Object],
75 silly install resolved        [Object],
75 silly install resolved        [Object] ],
75 silly install resolved     _npmOperationalInternal:
75 silly install resolved      { host: 'packages-12-west.internal.npmjs.com',
75 silly install resolved        tmp: 'tmp/cordova-6.3.1.tgz_1471253116105_0.132627623854205' },
75 silly install resolved     directories: {},
75 silly install resolved     readme: 'ERROR: No README data found!' },
75 silly install resolved   { name: 'ionic',
75 silly install resolved     version: '2.1.1',
75 silly install resolved     preferGlobal: true,
75 silly install resolved     description: 'A tool for creating and developing Ionic Framework mobile apps.',
75 silly install resolved     homepage: 'http://ionicframework.com/',
75 silly install resolved     bin: { ionic: 'bin/ionic' },
75 silly install resolved     scripts:
75 silly install resolved      { changelog: 'conventional-changelog -i CHANGELOG.md -s -p angular',
75 silly install resolved        'gh-release': 'node scripts/release',
75 silly install resolved        coveralls: 'istanbul cover node_modules/jasmine-node/bin/jasmine-node --captureExceptions spec/ && cat coverage/lcov.info | node_modules/coveralls/bin/coveralls.js && rm -rf coverage',
75 silly install resolved        e2e: 'jasmine-node --captureExceptions ./e2e',
75 silly install resolved        jasmine: 'jasmine-node --captureExceptions  ./spec',
75 silly install resolved        lint: 'eslint .',
75 silly install resolved        test: 'istanbul cover node_modules/jasmine-node/bin/jasmine-node --captureExceptions spec/' },
75 silly install resolved     keywords:
75 silly install resolved      [ 'ionic',
75 silly install resolved        'ionic framework',
75 silly install resolved        'ionicframework',
75 silly install resolved        'mobile',
75 silly install resolved        'app',
75 silly install resolved        'hybrid',
75 silly install resolved        'cordova',
75 silly install resolved        'native',
75 silly install resolved        'phonegap' ],
75 silly install resolved     repository:
75 silly install resolved      { type: 'git',
75 silly install resolved        url: 'git+https://github.com/driftyco/ionic-cli.git' },
75 silly install resolved     contributors: [ [Object], [Object], [Object], [Object], [Object], [Object] ],
75 silly install resolved     license: 'MIT',
75 silly install resolved     dependencies:
75 silly install resolved      { '@ionic/app-generators': '0.0.3',
75 silly install resolved        'cli-table': '0.3.1',
75 silly install resolved        colors: '0.6.2',
75 silly install resolved        'cross-spawn-async': '2.1.9',
75 silly install resolved        'expand-tilde': '1.2.0',
75 silly install resolved        'form-data': '0.1.4',
75 silly install resolved        gulp: '3.8.8',
75 silly install resolved        'gulp-util': '3.0.7',
75 silly install resolved        inquirer: '0.11.2',
75 silly install resolved        'ionic-app-lib': '2.1.1',
75 silly install resolved        moment: '2.11.1',
75 silly install resolved        open: '0.0.5',
75 silly install resolved        optimist: '0.6.0',
75 silly install resolved        'pretty-hrtime': '1.0.2',
75 silly install resolved        progress: '1.1.7',
75 silly install resolved        prompt: '0.2.12',
75 silly install resolved        q: '1.0.1',
75 silly install resolved        request: '2.51.0',
75 silly install resolved        semver: '4.3.6',
75 silly install resolved        'serve-static': '1.7.1',
75 silly install resolved        shelljs: '0.2.6',
75 silly install resolved        underscore: '1.7.0',
75 silly install resolved        unzip: '0.1.9' },
75 silly install resolved     devDependencies:
75 silly install resolved      { 'conventional-changelog-cli': '1.1.1',
75 silly install resolved        coveralls: '^2.2.0',
75 silly install resolved        eslint: '^3.0.1',
75 silly install resolved        github: '0.2.4',
75 silly install resolved        istanbul: '^0.4.4',
75 silly install resolved        'jasmine-node': '1.14.5',
75 silly install resolved        'mock-require': '1.3.0',
75 silly install resolved        rewire: '2.5.1' },
75 silly install resolved     gitHead: 'b8e9023022eab85b06e317e6f04a3bd26a7071c9',
75 silly install resolved     bugs: { url: 'https://github.com/driftyco/ionic-cli/issues' },
75 silly install resolved     bundleDependencies:
75 silly install resolved      [ 'cli-table',
75 silly install resolved        'colors',
75 silly install resolved        'cross-spawn-async',
75 silly install resolved        'expand-tilde',
75 silly install resolved        'form-data',
75 silly install resolved        'gulp',
75 silly install resolved        'gulp-util',
75 silly install resolved        'inquirer',
75 silly install resolved        'ionic-app-lib',
75 silly install resolved        'moment',
75 silly install resolved        'open',
75 silly install resolved        'optimist',
75 silly install resolved        'pretty-hrtime',
75 silly install resolved        'progress',
75 silly install resolved        'prompt',
75 silly install resolved        'q',
75 silly install resolved        'request',
75 silly install resolved        'semver',
75 silly install resolved        'serve-static',
75 silly install resolved        'shelljs',
75 silly install resolved        'underscore',
75 silly install resolved        'unzip' ],
75 silly install resolved     _id: 'ionic@2.1.1',
75 silly install resolved     _shasum: '7345b56915da2100a0efcd5257a4626848c4da80',
75 silly install resolved     _from: 'ionic@*',
75 silly install resolved     _npmVersion: '2.15.8',
75 silly install resolved     _nodeVersion: '4.4.7',
75 silly install resolved     _npmUser: { name: 'jthoms1', email: 'jthoms1@gmail.com' },
75 silly install resolved     dist:
75 silly install resolved      { shasum: '7345b56915da2100a0efcd5257a4626848c4da80',
75 silly install resolved        tarball: 'https://registry.npmjs.org/ionic/-/ionic-2.1.1.tgz' },
75 silly install resolved     maintainers:
75 silly install resolved      [ [Object],
75 silly install resolved        [Object],
75 silly install resolved        [Object],
75 silly install resolved        [Object],
75 silly install resolved        [Object],
75 silly install resolved        [Object],
75 silly install resolved        [Object] ],
75 silly install resolved     _npmOperationalInternal:
75 silly install resolved      { host: 'packages-12-west.internal.npmjs.com',
75 silly install resolved        tmp: 'tmp/ionic-2.1.1.tgz_1476476120022_0.04969399026595056' },
75 silly install resolved     directories: {},
75 silly install resolved     _resolved: 'https://registry.npmjs.org/ionic/-/ionic-2.1.1.tgz' } ]
76 info install cordova@6.3.1 into /usr/local/lib
77 info install ionic@2.1.1 into /usr/local/lib
78 info installOne cordova@6.3.1
79 verbose installOne of cordova to /usr/local/lib not in flight; installing
80 info installOne ionic@2.1.1
81 verbose installOne of ionic to /usr/local/lib not in flight; installing
82 verbose lock using /Users/terrychai/.npm/_locks/ionic-61c0cd50dc7a1457.lock for /usr/local/lib/node_modules/ionic
83 verbose lock using /Users/terrychai/.npm/_locks/cordova-fa12e2e096426a32.lock for /usr/local/lib/node_modules/cordova
84 silly install write writing ionic 2.1.1 to /usr/local/lib/node_modules/ionic
85 silly install write writing cordova 6.3.1 to /usr/local/lib/node_modules/cordova
86 silly cache addNamed cb cordova@6.3.1
87 verbose unbuild lib/node_modules/cordova
88 silly cache addNamed cb ionic@2.1.1
89 verbose unbuild lib/node_modules/ionic
90 info preuninstall cordova@5.4.0
91 info uninstall cordova@5.4.0
92 info preuninstall ionic@1.7.10
93 verbose unbuild rmStuff cordova@5.4.0 from /usr/local/lib/node_modules
94 silly gentlyRm /usr/local/bin/cordova is being gently removed
95 silly gentlyRm verifying /usr/local is an npm working directory
96 info uninstall ionic@1.7.10
97 silly gentlyRm containing path /usr/local is under npm's control, in /usr/local
98 silly gentlyRm deletion target /usr/local/bin/cordova is under /usr/local
99 verbose gentlyRm vacuuming from /usr/local/bin/cordova up to /usr/local
100 silly vacuum-fs removing /usr/local/bin/cordova
101 verbose unbuild rmStuff ionic@1.7.10 from /usr/local/lib/node_modules
102 silly gentlyRm /usr/local/bin/ionic is being gently removed
103 silly gentlyRm verifying /usr/local is an npm working directory
104 silly gentlyRm containing path /usr/local is under npm's control, in /usr/local
105 silly gentlyRm deletion target /usr/local/bin/ionic is under /usr/local
106 verbose gentlyRm vacuuming from /usr/local/bin/ionic up to /usr/local
107 silly vacuum-fs removing /usr/local/bin/ionic
108 verbose unlock done using /Users/terrychai/.npm/_locks/cordova-fa12e2e096426a32.lock for /usr/local/lib/node_modules/cordova
109 verbose unlock done using /Users/terrychai/.npm/_locks/ionic-61c0cd50dc7a1457.lock for /usr/local/lib/node_modules/ionic
110 verbose stack Error: EACCES, unlink '/usr/local/bin/cordova'
110 verbose stack     at Error (native)
111 verbose cwd /Users/terrychai/myprojects/BabyData
112 error Darwin 15.6.0
113 error argv "node" "/usr/local/bin/npm" "install" "-g" "ionic" "cordova"
114 error node v0.12.2
115 error npm  v2.7.5
116 error path /usr/local/bin/cordova
117 error code EACCES
118 error errno -13
119 error Error: EACCES, unlink '/usr/local/bin/cordova'
119 error     at Error (native)
119 error  { [Error: EACCES, unlink '/usr/local/bin/cordova'] errno: -13, code: 'EACCES', path: '/usr/local/bin/cordova' }
120 error Please try running this command again as root/Administrator.
121 verbose exit [ -13, true ]
122 verbose unbuild lib/node_modules/cordova
123 info preuninstall cordova@5.4.0
124 info uninstall cordova@5.4.0
125 verbose unbuild rmStuff cordova@5.4.0 from /usr/local/lib/node_modules
126 silly gentlyRm /usr/local/bin/cordova is being gently removed
127 silly gentlyRm verifying /usr/local is an npm working directory
128 silly gentlyRm containing path /usr/local is under npm's control, in /usr/local
129 silly gentlyRm deletion target /usr/local/bin/cordova is under /usr/local
130 verbose gentlyRm vacuuming from /usr/local/bin/cordova up to /usr/local
131 silly vacuum-fs removing /usr/local/bin/cordova
132 error error rolling back Error: EACCES, unlink '/usr/local/bin/cordova'
132 error error rolling back     at Error (native)
132 error error rolling back  { [Error: EACCES, unlink '/usr/local/bin/cordova'] errno: -13, code: 'EACCES', path: '/usr/local/bin/cordova' }
